<?xml version="1.0" encoding="UTF-8"?>
<testsuite xmlns:xsi="http://www.w3.org/2001/XMLSchema-instance" xsi:noNamespaceSchemaLocation="https://maven.apache.org/surefire/maven-surefire-plugin/xsd/surefire-test-report-3.0.xsd" version="3.0" name="runner.TestRunner" time="19.472" tests="1" errors="0" skipped="0" failures="1">
  <properties>
[...]
</properties>
  <testcase name="Shop for new cars" classname="Shop new car" time="19.087">
    <failure message="expected:&lt;Your 20[9]20 BMW M5&gt; but was:&lt;Your 20[]20 BMW M5&gt;" type="org.junit.ComparisonFailure"><![CDATA[org.junit.ComparisonFailure: expected:<Your 20[9]20 BMW M5> but was:<Your 20[]20 BMW M5>
]]></failure>
    <system-out><![CDATA[Acura
Alfa Romeo
Audi
BMW
Buick
Cadillac
Chevrolet
Chrysler
Dodge
FIAT
Ford
Genesis
GMC
Honda
Hyundai
INFINITI
Jaguar
Jeep
Kia
Land Rover
Lexus
Lincoln
Lotus
Maserati
Mazda
Mercedes-Benz
MINI
Mitsubishi
Nissan
Porsche
Ram
smart
Subaru
Toyota
Volkswagen
Volvo
]]></system-out>
    <system-err><![CDATA[SLF4J: Failed to load class "org.slf4j.impl.StaticLoggerBinder".
SLF4J: Defaulting to no-operation (NOP) logger implementation
SLF4J: See http://www.slf4j.org/codes.html#StaticLoggerBinder for further details.
Starting ChromeDriver 78.0.3904.105 (60e2d8774a8151efa6a00b1f358371b1e0e07ee2-refs/branch-heads/3904@{#877}) on port 16913
Only local connections are allowed.
Please protect ports used by ChromeDriver and related test frameworks to prevent access by malicious code.
Dec 01, 2019 10:28:46 AM org.openqa.selenium.remote.ProtocolHandshake createSession
INFO: Detected dialect: W3C
]]></system-err>
  </testcase>
</testsuite>